[2025-10-16 07:48:48] grav.INFO: Form Field 'first_name': aman [] []
[2025-10-16 07:48:48] grav.INFO: Form Field 'last_name': Khan [] []
[2025-10-16 07:48:48] grav.INFO: Form Field 'subject': checking cc [] []
[2025-10-16 07:48:48] grav.INFO: Form Field 'email': aman.aucourantcs@gmail.com [] []
[2025-10-16 07:48:48] grav.INFO: Form Field 'message': dfdfdsfsdf [] []
[2025-10-16 07:48:48] grav.INFO: Form Field 'address': 7A/67, West Extension Area Karol Bagh, New Delhi [] []
[2025-10-16 07:48:48] grav.INFO: Form Field 'phone': 8307624648 [] []
[2025-10-16 07:48:48] grav.INFO: Form Field 'country_code': +91 [] []
[2025-10-16 07:48:48] grav.INFO: Form Field 'company': Aucourant CyberSpace [] []
[2025-10-16 07:48:48] grav.INFO: Form Field 'terms': on [] []
[2025-10-16 07:48:48] grav.INFO: Form Field 'attachment':  [] []
[2025-10-16 07:48:48] grav.INFO: === Email Body === [] []
[2025-10-16 07:48:48] grav.INFO: <h2>Contact Form Submission</h2><ul><li><strong>first_name:</strong> aman</li><li><strong>last_name:</strong> Khan</li><li><strong>subject:</strong> checking cc</li><li><strong>email:</strong> aman.aucourantcs@gmail.com</li><li><strong>message:</strong> dfdfdsfsdf</li><li><strong>address:</strong> 7A/67, West Extension Area Karol Bagh, New Delhi</li><li><strong>phone:</strong> 8307624648</li><li><strong>country_code:</strong> +91</li><li><strong>company:</strong> Aucourant CyberSpace</li><li><strong>terms:</strong> on</li><li><strong>attachment:</strong> </li></ul> [] []
[2025-10-16 07:48:48] grav.INFO: Preparing to send email: from='aman.aucourantcs@gmail.com' to='aman.aucourantcs@gmail.com' [] []
[2025-10-16 07:48:48] grav.INFO: Email plugin found. Preparing message object. [] []
[2025-10-16 07:48:48] grav.INFO: Message object created. [] []
[2025-10-16 07:48:48] grav.INFO: Message From set: aman.aucourantcs@gmail.com [] []
[2025-10-16 07:48:48] grav.INFO: Message To set: aman.aucourantcs@gmail.com [] []
[2025-10-16 07:48:48] grav.INFO: Message subject: checking cc [] []
[2025-10-16 07:48:48] grav.INFO: Message body: <h2>Contact Form Submission</h2><ul><li><strong>first_name:</strong> aman</li><li><strong>last_name:</strong> Khan</li><li><strong>subject:</strong> checking cc</li><li><strong>email:</strong> aman.aucourantcs@gmail.com</li><li><strong>message:</strong> dfdfdsfsdf</li><li><strong>address:</strong> 7A/67, West Extension Area Karol Bagh, New Delhi</li><li><strong>phone:</strong> 8307624648</li><li><strong>country_code:</strong> +91</li><li><strong>company:</strong> Aucourant CyberSpace</li><li><strong>terms:</strong> on</li><li><strong>attachment:</strong> </li></ul> [] []
[2025-10-16 07:48:52] grav.INFO: RecaptchaForm email sent successfully using Email plugin. [] []
[2025-10-16 08:09:13] grav.INFO: Form Field 'first_name': aman [] []
[2025-10-16 08:09:13] grav.INFO: Form Field 'last_name': Khan [] []
[2025-10-16 08:09:13] grav.INFO: Form Field 'subject': checking cForm [] []
[2025-10-16 08:09:13] grav.INFO: Form Field 'email': aman.aucourantcs@gmail.com [] []
[2025-10-16 08:09:13] grav.INFO: Form Field 'message': dsffdf [] []
[2025-10-16 08:09:13] grav.INFO: Form Field 'address': 7A/67, West Extension Area Karol Bagh, New Delhi [] []
[2025-10-16 08:09:13] grav.INFO: Form Field 'phone': 8307624648 [] []
[2025-10-16 08:09:13] grav.INFO: Form Field 'country_code': +91 [] []
[2025-10-16 08:09:13] grav.INFO: Form Field 'company': Aucourant CyberSpace [] []
[2025-10-16 08:09:13] grav.INFO: Form Field 'terms': on [] []
[2025-10-16 08:09:13] grav.INFO: === Email Body === [] []
[2025-10-16 08:09:13] grav.INFO: <h2>Contact Form Submission</h2><ul><li><strong>first_name:</strong> aman</li><li><strong>last_name:</strong> Khan</li><li><strong>subject:</strong> checking cForm</li><li><strong>email:</strong> aman.aucourantcs@gmail.com</li><li><strong>message:</strong> dsffdf</li><li><strong>address:</strong> 7A/67, West Extension Area Karol Bagh, New Delhi</li><li><strong>phone:</strong> 8307624648</li><li><strong>country_code:</strong> +91</li><li><strong>company:</strong> Aucourant CyberSpace</li><li><strong>terms:</strong> on</li></ul> [] []
[2025-10-16 08:09:13] grav.INFO: Preparing to send email: from='aman.aucourantcs@gmail.com' to='aman.aucourantcs@gmail.com' [] []
[2025-10-16 08:09:13] grav.INFO: Email plugin found. Preparing message object. [] []
[2025-10-16 08:09:13] grav.INFO: Message object created. [] []
[2025-10-16 08:09:13] grav.INFO: Message From set: aman.aucourantcs@gmail.com [] []
[2025-10-16 08:09:13] grav.INFO: Message To set: aman.aucourantcs@gmail.com [] []
[2025-10-16 08:09:13] grav.INFO: Message subject: checking cForm [] []
[2025-10-16 08:09:13] grav.INFO: Message body: <h2>Contact Form Submission</h2><ul><li><strong>first_name:</strong> aman</li><li><strong>last_name:</strong> Khan</li><li><strong>subject:</strong> checking cForm</li><li><strong>email:</strong> aman.aucourantcs@gmail.com</li><li><strong>message:</strong> dsffdf</li><li><strong>address:</strong> 7A/67, West Extension Area Karol Bagh, New Delhi</li><li><strong>phone:</strong> 8307624648</li><li><strong>country_code:</strong> +91</li><li><strong>company:</strong> Aucourant CyberSpace</li><li><strong>terms:</strong> on</li></ul> [] []
[2025-10-16 08:09:19] grav.INFO: RecaptchaForm email sent successfully using Email plugin. [] []
[2025-10-16 08:09:55] grav.INFO: Form Field 'admin-nonce': d78192c9bf2dc4f8fe5a48fbfd2e65c1 [] []
[2025-10-16 08:09:55] grav.INFO: === Email Body === [] []
[2025-10-16 08:09:55] grav.INFO: <h2>Contact Form Submission</h2><ul><li><strong>admin-nonce:</strong> d78192c9bf2dc4f8fe5a48fbfd2e65c1</li></ul> [] []
[2025-10-16 08:09:55] grav.INFO: Preparing to send email: from='aman.aucourantcs@gmail.com' to='aman.aucourantcs@gmail.com' [] []
[2025-10-16 08:09:55] grav.INFO: Email plugin found. Preparing message object. [] []
[2025-10-16 08:09:55] grav.INFO: Message object created. [] []
[2025-10-16 08:09:55] grav.INFO: Message From set: aman.aucourantcs@gmail.com [] []
[2025-10-16 08:09:55] grav.INFO: Message To set: aman.aucourantcs@gmail.com [] []
[2025-10-16 08:09:55] grav.INFO: Message subject: New Contact Form Submission [] []
[2025-10-16 08:09:55] grav.INFO: Message body: <h2>Contact Form Submission</h2><ul><li><strong>admin-nonce:</strong> d78192c9bf2dc4f8fe5a48fbfd2e65c1</li></ul> [] []
[2025-10-16 08:09:59] grav.INFO: Form Field 'admin-nonce': d78192c9bf2dc4f8fe5a48fbfd2e65c1 [] []
[2025-10-16 08:09:59] grav.INFO: === Email Body === [] []
[2025-10-16 08:09:59] grav.INFO: <h2>Contact Form Submission</h2><ul><li><strong>admin-nonce:</strong> d78192c9bf2dc4f8fe5a48fbfd2e65c1</li></ul> [] []
[2025-10-16 08:09:59] grav.INFO: Preparing to send email: from='aman.aucourantcs@gmail.com' to='aman.aucourantcs@gmail.com' [] []
[2025-10-16 08:09:59] grav.INFO: Email plugin found. Preparing message object. [] []
[2025-10-16 08:09:59] grav.INFO: Message object created. [] []
[2025-10-16 08:09:59] grav.INFO: Message From set: aman.aucourantcs@gmail.com [] []
[2025-10-16 08:09:59] grav.INFO: Message To set: aman.aucourantcs@gmail.com [] []
[2025-10-16 08:09:59] grav.INFO: Message subject: New Contact Form Submission [] []
[2025-10-16 08:09:59] grav.INFO: Message body: <h2>Contact Form Submission</h2><ul><li><strong>admin-nonce:</strong> d78192c9bf2dc4f8fe5a48fbfd2e65c1</li></ul> [] []
[2025-10-16 08:09:59] grav.INFO: RecaptchaForm email sent successfully using Email plugin. [] []
[2025-10-16 08:10:01] grav.INFO: Form Field 'admin-nonce': d78192c9bf2dc4f8fe5a48fbfd2e65c1 [] []
[2025-10-16 08:10:01] grav.INFO: === Email Body === [] []
[2025-10-16 08:10:01] grav.INFO: <h2>Contact Form Submission</h2><ul><li><strong>admin-nonce:</strong> d78192c9bf2dc4f8fe5a48fbfd2e65c1</li></ul> [] []
[2025-10-16 08:10:01] grav.INFO: Preparing to send email: from='aman.aucourantcs@gmail.com' to='aman.aucourantcs@gmail.com' [] []
[2025-10-16 08:10:01] grav.INFO: Email plugin found. Preparing message object. [] []
[2025-10-16 08:10:01] grav.INFO: Message object created. [] []
[2025-10-16 08:10:01] grav.INFO: Message From set: aman.aucourantcs@gmail.com [] []
[2025-10-16 08:10:01] grav.INFO: Message To set: aman.aucourantcs@gmail.com [] []
[2025-10-16 08:10:01] grav.INFO: Message subject: New Contact Form Submission [] []
[2025-10-16 08:10:01] grav.INFO: Message body: <h2>Contact Form Submission</h2><ul><li><strong>admin-nonce:</strong> d78192c9bf2dc4f8fe5a48fbfd2e65c1</li></ul> [] []
[2025-10-16 08:10:03] grav.INFO: RecaptchaForm email sent successfully using Email plugin. [] []
[2025-10-16 08:10:05] grav.INFO: RecaptchaForm email sent successfully using Email plugin. [] []
[2025-10-16 08:12:33] grav.INFO: Form Field 'admin-nonce': d78192c9bf2dc4f8fe5a48fbfd2e65c1 [] []
[2025-10-16 08:12:33] grav.INFO: === Email Body === [] []
[2025-10-16 08:12:33] grav.INFO: <h2>Contact Form Submission</h2><ul><li><strong>admin-nonce:</strong> d78192c9bf2dc4f8fe5a48fbfd2e65c1</li></ul> [] []
[2025-10-16 08:12:33] grav.INFO: Preparing to send email: from='aman.aucourantcs@gmail.com' to='aman.aucourantcs@gmail.com' [] []
[2025-10-16 08:12:33] grav.INFO: Email plugin found. Preparing message object. [] []
[2025-10-16 08:12:33] grav.INFO: Message object created. [] []
[2025-10-16 08:12:33] grav.INFO: Message From set: aman.aucourantcs@gmail.com [] []
[2025-10-16 08:12:33] grav.INFO: Message To set: aman.aucourantcs@gmail.com [] []
[2025-10-16 08:12:33] grav.INFO: Message subject: New Contact Form Submission [] []
[2025-10-16 08:12:33] grav.INFO: Message body: <h2>Contact Form Submission</h2><ul><li><strong>admin-nonce:</strong> d78192c9bf2dc4f8fe5a48fbfd2e65c1</li></ul> [] []
[2025-10-16 08:12:37] grav.INFO: RecaptchaForm email sent successfully using Email plugin. [] []
[2025-10-16 08:12:44] grav.INFO: Form Field 'admin-nonce': d78192c9bf2dc4f8fe5a48fbfd2e65c1 [] []
[2025-10-16 08:12:44] grav.INFO: === Email Body === [] []
[2025-10-16 08:12:44] grav.INFO: <h2>Contact Form Submission</h2><ul><li><strong>admin-nonce:</strong> d78192c9bf2dc4f8fe5a48fbfd2e65c1</li></ul> [] []
[2025-10-16 08:12:44] grav.INFO: Preparing to send email: from='aman.aucourantcs@gmail.com' to='aman.aucourantcs@gmail.com' [] []
[2025-10-16 08:12:44] grav.INFO: Email plugin found. Preparing message object. [] []
[2025-10-16 08:12:44] grav.INFO: Message object created. [] []
[2025-10-16 08:12:44] grav.INFO: Message From set: aman.aucourantcs@gmail.com [] []
[2025-10-16 08:12:44] grav.INFO: Message To set: aman.aucourantcs@gmail.com [] []
[2025-10-16 08:12:44] grav.INFO: Message subject: New Contact Form Submission [] []
[2025-10-16 08:12:44] grav.INFO: Message body: <h2>Contact Form Submission</h2><ul><li><strong>admin-nonce:</strong> d78192c9bf2dc4f8fe5a48fbfd2e65c1</li></ul> [] []
[2025-10-16 08:12:47] grav.INFO: RecaptchaForm email sent successfully using Email plugin. [] []
[2025-10-16 08:13:03] grav.INFO: Form Field 'name': Sarita Vihar [] []
[2025-10-16 08:13:03] grav.INFO: Form Field 'subject': checking cForm [] []
[2025-10-16 08:13:03] grav.INFO: Form Field 'email': aman.aucourantcs@gmail.com [] []
[2025-10-16 08:13:03] grav.INFO: Form Field 'message': werrttyt [] []
[2025-10-16 08:13:03] grav.INFO: Form Field 'address': 7A/67, West Extension Area Karol Bagh, New Delhi [] []
[2025-10-16 08:13:03] grav.INFO: Form Field 'phone': 8307624648 [] []
[2025-10-16 08:13:03] grav.INFO: Form Field 'country_code': +91 [] []
[2025-10-16 08:13:03] grav.INFO: Form Field 'company': Aucourant CyberSpace [] []
[2025-10-16 08:13:03] grav.INFO: Form Field 'terms': on [] []
[2025-10-16 08:13:03] grav.INFO: === Email Body === [] []
[2025-10-16 08:13:03] grav.INFO: <h2>Contact Form Submission</h2><ul><li><strong>name:</strong> Sarita Vihar</li><li><strong>subject:</strong> checking cForm</li><li><strong>email:</strong> aman.aucourantcs@gmail.com</li><li><strong>message:</strong> werrttyt</li><li><strong>address:</strong> 7A/67, West Extension Area Karol Bagh, New Delhi</li><li><strong>phone:</strong> 8307624648</li><li><strong>country_code:</strong> +91</li><li><strong>company:</strong> Aucourant CyberSpace</li><li><strong>terms:</strong> on</li></ul> [] []
[2025-10-16 08:13:03] grav.INFO: Preparing to send email: from='aman.aucourantcs@gmail.com' to='aman.aucourantcs@gmail.com' [] []
[2025-10-16 08:13:03] grav.INFO: Email plugin found. Preparing message object. [] []
[2025-10-16 08:13:03] grav.INFO: Message object created. [] []
[2025-10-16 08:13:03] grav.INFO: Message From set: aman.aucourantcs@gmail.com [] []
[2025-10-16 08:13:03] grav.INFO: Message To set: aman.aucourantcs@gmail.com [] []
[2025-10-16 08:13:03] grav.INFO: Message subject: checking cForm [] []
[2025-10-16 08:13:03] grav.INFO: Message body: <h2>Contact Form Submission</h2><ul><li><strong>name:</strong> Sarita Vihar</li><li><strong>subject:</strong> checking cForm</li><li><strong>email:</strong> aman.aucourantcs@gmail.com</li><li><strong>message:</strong> werrttyt</li><li><strong>address:</strong> 7A/67, West Extension Area Karol Bagh, New Delhi</li><li><strong>phone:</strong> 8307624648</li><li><strong>country_code:</strong> +91</li><li><strong>company:</strong> Aucourant CyberSpace</li><li><strong>terms:</strong> on</li></ul> [] []
[2025-10-16 08:13:07] grav.INFO: RecaptchaForm email sent successfully using Email plugin. [] []
